Analysis & Elaboration report for top
Fri Mar 15 16:51:25 2024
Quartus Prime Version 20.1.0 Build 711 06/05/2020 SJ Lite Edition


---------------------
; Table of Contents ;
---------------------
  1. Legal Notice
  2. Analysis & Elaboration Summary
  3. Parallel Compilation
  4. Parameter Settings for User Entity Instance: Top-level Entity: |top
  5. Parameter Settings for User Entity Instance: fp_to_fixed:floating_to_fixed
  6. Parameter Settings for User Entity Instance: cordic_top:cordic_block
  7. Parameter Settings for User Entity Instance: cordic_top:cordic_block|cordic:cordic
  8. Parameter Settings for User Entity Instance: cordic_top:cordic_block|cordic:cordic|add_sub:x_arithmetic
  9. Parameter Settings for User Entity Instance: cordic_top:cordic_block|cordic:cordic|add_sub:y_arithmetic
 10. Parameter Settings for User Entity Instance: cordic_top:cordic_block|cordic:cordic|add_sub:z_arithmetic
 11. Parameter Settings for User Entity Instance: fixed_to_fp:fixed_to_floating
 12. Analysis & Elaboration Settings
 13. Analysis & Elaboration Messages



----------------
; Legal Notice ;
----------------
Copyright (C) 2020  Intel Corporation. All rights reserved.
Your use of Intel Corporation's design tools, logic functions 
and other software and tools, and any partner logic 
functions, and any output files from any of the foregoing 
(including device programming or simulation files), and any 
associated documentation or information are expressly subject 
to the terms and conditions of the Intel Program License 
Subscription Agreement, the Intel Quartus Prime License Agreement,
the Intel FPGA IP License Agreement, or other applicable license
agreement, including, without limitation, that your use is for
the sole purpose of programming logic devices manufactured by
Intel and sold by Intel or its authorized distributors.  Please
refer to the applicable agreement for further details, at
https://fpgasoftware.intel.com/eula.



+-----------------------------------------------------------------------------+
; Analysis & Elaboration Summary                                              ;
+-------------------------------+---------------------------------------------+
; Analysis & Elaboration Status ; Successful - Fri Mar 15 16:51:25 2024       ;
; Quartus Prime Version         ; 20.1.0 Build 711 06/05/2020 SJ Lite Edition ;
; Revision Name                 ; top                                         ;
; Top-level Entity Name         ; top                                         ;
; Family                        ; Cyclone V                                   ;
; Logic utilization (in ALMs)   ; N/A until Partition Merge                   ;
; Total registers               ; N/A until Partition Merge                   ;
; Total pins                    ; N/A until Partition Merge                   ;
; Total virtual pins            ; N/A until Partition Merge                   ;
; Total block memory bits       ; N/A until Partition Merge                   ;
; Total PLLs                    ; N/A until Partition Merge                   ;
; Total DLLs                    ; N/A until Partition Merge                   ;
+-------------------------------+---------------------------------------------+


+------------------------------------------+
; Parallel Compilation                     ;
+----------------------------+-------------+
; Processors                 ; Number      ;
+----------------------------+-------------+
; Number detected on machine ; 4           ;
; Maximum allowed            ; 2           ;
;                            ;             ;
; Average used               ; 1.00        ;
; Maximum used               ; 1           ;
;                            ;             ;
; Usage by Processor         ; % Time Used ;
;     Processor 1            ; 100.0%      ;
+----------------------------+-------------+


+---------------------------------------------------------------------+
; Parameter Settings for User Entity Instance: Top-level Entity: |top ;
+----------------+-------+--------------------------------------------+
; Parameter Name ; Value ; Type                                       ;
+----------------+-------+--------------------------------------------+
; WORD_LENGTH    ; 21    ; Signed Integer                             ;
+----------------+-------+--------------------------------------------+
Note: In order to hide this table in the UI and the text report file, please set the "Show Parameter Settings in Synthesis Report" option in "Analysis and Synthesis Settings -> More Settings" to "Off".


+----------------------------------------------------------------------------+
; Parameter Settings for User Entity Instance: fp_to_fixed:floating_to_fixed ;
+----------------+-------+---------------------------------------------------+
; Parameter Name ; Value ; Type                                              ;
+----------------+-------+---------------------------------------------------+
; WORD_LENGTH    ; 21    ; Signed Integer                                    ;
+----------------+-------+---------------------------------------------------+
Note: In order to hide this table in the UI and the text report file, please set the "Show Parameter Settings in Synthesis Report" option in "Analysis and Synthesis Settings -> More Settings" to "Off".


+----------------------------------------------------------------------+
; Parameter Settings for User Entity Instance: cordic_top:cordic_block ;
+----------------+-------+---------------------------------------------+
; Parameter Name ; Value ; Type                                        ;
+----------------+-------+---------------------------------------------+
; WORD_LENGTH    ; 21    ; Signed Integer                              ;
; N_ITERATIONS   ; 17    ; Signed Integer                              ;
+----------------+-------+---------------------------------------------+
Note: In order to hide this table in the UI and the text report file, please set the "Show Parameter Settings in Synthesis Report" option in "Analysis and Synthesis Settings -> More Settings" to "Off".


+------------------------------------------------------------------------------------+
; Parameter Settings for User Entity Instance: cordic_top:cordic_block|cordic:cordic ;
+----------------+-------+-----------------------------------------------------------+
; Parameter Name ; Value ; Type                                                      ;
+----------------+-------+-----------------------------------------------------------+
; WORD_LENGTH    ; 21    ; Signed Integer                                            ;
+----------------+-------+-----------------------------------------------------------+
Note: In order to hide this table in the UI and the text report file, please set the "Show Parameter Settings in Synthesis Report" option in "Analysis and Synthesis Settings -> More Settings" to "Off".


+---------------------------------------------------------------------------------------------------------+
; Parameter Settings for User Entity Instance: cordic_top:cordic_block|cordic:cordic|add_sub:x_arithmetic ;
+----------------+-------+--------------------------------------------------------------------------------+
; Parameter Name ; Value ; Type                                                                           ;
+----------------+-------+--------------------------------------------------------------------------------+
; WORD_LENGTH    ; 21    ; Signed Integer                                                                 ;
+----------------+-------+--------------------------------------------------------------------------------+
Note: In order to hide this table in the UI and the text report file, please set the "Show Parameter Settings in Synthesis Report" option in "Analysis and Synthesis Settings -> More Settings" to "Off".


+---------------------------------------------------------------------------------------------------------+
; Parameter Settings for User Entity Instance: cordic_top:cordic_block|cordic:cordic|add_sub:y_arithmetic ;
+----------------+-------+--------------------------------------------------------------------------------+
; Parameter Name ; Value ; Type                                                                           ;
+----------------+-------+--------------------------------------------------------------------------------+
; WORD_LENGTH    ; 21    ; Signed Integer                                                                 ;
+----------------+-------+--------------------------------------------------------------------------------+
Note: In order to hide this table in the UI and the text report file, please set the "Show Parameter Settings in Synthesis Report" option in "Analysis and Synthesis Settings -> More Settings" to "Off".


+---------------------------------------------------------------------------------------------------------+
; Parameter Settings for User Entity Instance: cordic_top:cordic_block|cordic:cordic|add_sub:z_arithmetic ;
+----------------+-------+--------------------------------------------------------------------------------+
; Parameter Name ; Value ; Type                                                                           ;
+----------------+-------+--------------------------------------------------------------------------------+
; WORD_LENGTH    ; 21    ; Signed Integer                                                                 ;
+----------------+-------+--------------------------------------------------------------------------------+
Note: In order to hide this table in the UI and the text report file, please set the "Show Parameter Settings in Synthesis Report" option in "Analysis and Synthesis Settings -> More Settings" to "Off".


+----------------------------------------------------------------------------+
; Parameter Settings for User Entity Instance: fixed_to_fp:fixed_to_floating ;
+----------------+-------+---------------------------------------------------+
; Parameter Name ; Value ; Type                                              ;
+----------------+-------+---------------------------------------------------+
; WORD_LENGTH    ; 21    ; Signed Integer                                    ;
+----------------+-------+---------------------------------------------------+
Note: In order to hide this table in the UI and the text report file, please set the "Show Parameter Settings in Synthesis Report" option in "Analysis and Synthesis Settings -> More Settings" to "Off".


+---------------------------------------------------------------------------------------------------------------------------+
; Analysis & Elaboration Settings                                                                                           ;
+---------------------------------------------------------------------------------+--------------------+--------------------+
; Option                                                                          ; Setting            ; Default Value      ;
+---------------------------------------------------------------------------------+--------------------+--------------------+
; Device                                                                          ; 5CGXFC7C7F23C8     ;                    ;
; Top-level entity name                                                           ; top                ; top                ;
; Family name                                                                     ; Cyclone V          ; Cyclone V          ;
; Use smart compilation                                                           ; Off                ; Off                ;
; Enable parallel Assembler and Timing Analyzer during compilation                ; On                 ; On                 ;
; Enable compact report table                                                     ; Off                ; Off                ;
; Restructure Multiplexers                                                        ; Auto               ; Auto               ;
; MLAB Add Timing Constraints For Mixed-Port Feed-Through Mode Setting Don't Care ; Off                ; Off                ;
; Create Debugging Nodes for IP Cores                                             ; Off                ; Off                ;
; Preserve fewer node names                                                       ; On                 ; On                 ;
; Intel FPGA IP Evaluation Mode                                                   ; Enable             ; Enable             ;
; Verilog Version                                                                 ; Verilog_2001       ; Verilog_2001       ;
; VHDL Version                                                                    ; VHDL_1993          ; VHDL_1993          ;
; State Machine Processing                                                        ; Auto               ; Auto               ;
; Safe State Machine                                                              ; Off                ; Off                ;
; Extract Verilog State Machines                                                  ; On                 ; On                 ;
; Extract VHDL State Machines                                                     ; On                 ; On                 ;
; Ignore Verilog initial constructs                                               ; Off                ; Off                ;
; Iteration limit for constant Verilog loops                                      ; 5000               ; 5000               ;
; Iteration limit for non-constant Verilog loops                                  ; 250                ; 250                ;
; Add Pass-Through Logic to Inferred RAMs                                         ; On                 ; On                 ;
; Infer RAMs from Raw Logic                                                       ; On                 ; On                 ;
; Parallel Synthesis                                                              ; On                 ; On                 ;
; DSP Block Balancing                                                             ; Auto               ; Auto               ;
; NOT Gate Push-Back                                                              ; On                 ; On                 ;
; Power-Up Don't Care                                                             ; On                 ; On                 ;
; Remove Redundant Logic Cells                                                    ; Off                ; Off                ;
; Remove Duplicate Registers                                                      ; On                 ; On                 ;
; Ignore CARRY Buffers                                                            ; Off                ; Off                ;
; Ignore CASCADE Buffers                                                          ; Off                ; Off                ;
; Ignore GLOBAL Buffers                                                           ; Off                ; Off                ;
; Ignore ROW GLOBAL Buffers                                                       ; Off                ; Off                ;
; Ignore LCELL Buffers                                                            ; Off                ; Off                ;
; Ignore SOFT Buffers                                                             ; On                 ; On                 ;
; Limit AHDL Integers to 32 Bits                                                  ; Off                ; Off                ;
; Optimization Technique                                                          ; Balanced           ; Balanced           ;
; Carry Chain Length                                                              ; 70                 ; 70                 ;
; Auto Carry Chains                                                               ; On                 ; On                 ;
; Auto Open-Drain Pins                                                            ; On                 ; On                 ;
; Perform WYSIWYG Primitive Resynthesis                                           ; Off                ; Off                ;
; Auto ROM Replacement                                                            ; On                 ; On                 ;
; Auto RAM Replacement                                                            ; On                 ; On                 ;
; Auto DSP Block Replacement                                                      ; On                 ; On                 ;
; Auto Shift Register Replacement                                                 ; Auto               ; Auto               ;
; Allow Shift Register Merging across Hierarchies                                 ; Auto               ; Auto               ;
; Auto Clock Enable Replacement                                                   ; On                 ; On                 ;
; Strict RAM Replacement                                                          ; Off                ; Off                ;
; Allow Synchronous Control Signals                                               ; On                 ; On                 ;
; Force Use of Synchronous Clear Signals                                          ; Off                ; Off                ;
; Auto Resource Sharing                                                           ; Off                ; Off                ;
; Allow Any RAM Size For Recognition                                              ; Off                ; Off                ;
; Allow Any ROM Size For Recognition                                              ; Off                ; Off                ;
; Allow Any Shift Register Size For Recognition                                   ; Off                ; Off                ;
; Use LogicLock Constraints during Resource Balancing                             ; On                 ; On                 ;
; Ignore translate_off and synthesis_off directives                               ; Off                ; Off                ;
; Timing-Driven Synthesis                                                         ; On                 ; On                 ;
; Report Parameter Settings                                                       ; On                 ; On                 ;
; Report Source Assignments                                                       ; On                 ; On                 ;
; Report Connectivity Checks                                                      ; On                 ; On                 ;
; Ignore Maximum Fan-Out Assignments                                              ; Off                ; Off                ;
; Synchronization Register Chain Length                                           ; 3                  ; 3                  ;
; Power Optimization During Synthesis                                             ; Normal compilation ; Normal compilation ;
; HDL message level                                                               ; Level2             ; Level2             ;
; Suppress Register Optimization Related Messages                                 ; Off                ; Off                ;
; Number of Removed Registers Reported in Synthesis Report                        ; 5000               ; 5000               ;
; Number of Swept Nodes Reported in Synthesis Report                              ; 5000               ; 5000               ;
; Number of Inverted Registers Reported in Synthesis Report                       ; 100                ; 100                ;
; Clock MUX Protection                                                            ; On                 ; On                 ;
; Auto Gated Clock Conversion                                                     ; Off                ; Off                ;
; Block Design Naming                                                             ; Auto               ; Auto               ;
; SDC constraint protection                                                       ; Off                ; Off                ;
; Synthesis Effort                                                                ; Auto               ; Auto               ;
; Shift Register Replacement - Allow Asynchronous Clear Signal                    ; On                 ; On                 ;
; Pre-Mapping Resynthesis Optimization                                            ; Off                ; Off                ;
; Analysis & Synthesis Message Level                                              ; Medium             ; Medium             ;
; Disable Register Merging Across Hierarchies                                     ; Auto               ; Auto               ;
; Resource Aware Inference For Block RAM                                          ; On                 ; On                 ;
; Automatic Parallel Synthesis                                                    ; On                 ; On                 ;
; Partial Reconfiguration Bitstream ID                                            ; Off                ; Off                ;
+---------------------------------------------------------------------------------+--------------------+--------------------+


+---------------------------------+
; Analysis & Elaboration Messages ;
+---------------------------------+
Info: *******************************************************************
Info: Running Quartus Prime Analysis & Elaboration
    Info: Version 20.1.0 Build 711 06/05/2020 SJ Lite Edition
    Info: Processing started: Fri Mar 15 16:51:11 2024
Info: Command: quartus_map --read_settings_files=on --write_settings_files=off folded -c top --analysis_and_elaboration
Warning (18236): Number of processors has not been specified which may cause overloading on shared machines.  Set the global assignment NUM_PARALLEL_PROCESSORS in your QSF to an appropriate value for best performance.
Info (20030): Parallel compilation is enabled and will use 2 of the 2 processors detected
Warning (12125): Using design file top.v, which is not specified as a design file for the current project, but contains definitions for 1 design units and 1 entities in project
    Info (12023): Found entity 1: top File: /home/nik/eie/dsd/folded/top.v Line: 2
Info (12127): Elaborating entity "top" for the top level hierarchy
Warning (12125): Using design file fp_to_fixed.v, which is not specified as a design file for the current project, but contains definitions for 1 design units and 1 entities in project
    Info (12023): Found entity 1: fp_to_fixed File: /home/nik/eie/dsd/folded/fp_to_fixed.v Line: 1
Info (12128): Elaborating entity "fp_to_fixed" for hierarchy "fp_to_fixed:floating_to_fixed" File: /home/nik/eie/dsd/folded/top.v Line: 18
Warning (10230): Verilog HDL assignment warning at fp_to_fixed.v(16): truncated value with size 32 to match size of target (8) File: /home/nik/eie/dsd/folded/fp_to_fixed.v Line: 16
Warning (10240): Verilog HDL Always Construct warning at fp_to_fixed.v(22): inferring latch(es) for variable "integer_part", which holds its previous value in one or more paths through the always construct File: /home/nik/eie/dsd/folded/fp_to_fixed.v Line: 22
Info (10041): Inferred latch for "integer_part" at fp_to_fixed.v(45) File: /home/nik/eie/dsd/folded/fp_to_fixed.v Line: 45
Warning (12125): Using design file cordic_top.v, which is not specified as a design file for the current project, but contains definitions for 1 design units and 1 entities in project
    Info (12023): Found entity 1: cordic_top File: /home/nik/eie/dsd/folded/cordic_top.v Line: 1
Info (12128): Elaborating entity "cordic_top" for hierarchy "cordic_top:cordic_block" File: /home/nik/eie/dsd/folded/top.v Line: 25
Warning (10230): Verilog HDL assignment warning at cordic_top.v(38): truncated value with size 32 to match size of target (21) File: /home/nik/eie/dsd/folded/cordic_top.v Line: 38
Warning (10030): Net "alphas.data_a" at cordic_top.v(15) has no driver or initial value, using a default initial value '0' File: /home/nik/eie/dsd/folded/cordic_top.v Line: 15
Warning (10030): Net "alphas.waddr_a" at cordic_top.v(15) has no driver or initial value, using a default initial value '0' File: /home/nik/eie/dsd/folded/cordic_top.v Line: 15
Warning (10030): Net "alphas.we_a" at cordic_top.v(15) has no driver or initial value, using a default initial value '0' File: /home/nik/eie/dsd/folded/cordic_top.v Line: 15
Info (10041): Inferred latch for "out[0]" at cordic_top.v(33) File: /home/nik/eie/dsd/folded/cordic_top.v Line: 33
Info (10041): Inferred latch for "out[1]" at cordic_top.v(33) File: /home/nik/eie/dsd/folded/cordic_top.v Line: 33
Info (10041): Inferred latch for "out[2]" at cordic_top.v(33) File: /home/nik/eie/dsd/folded/cordic_top.v Line: 33
Info (10041): Inferred latch for "out[3]" at cordic_top.v(33) File: /home/nik/eie/dsd/folded/cordic_top.v Line: 33
Info (10041): Inferred latch for "out[4]" at cordic_top.v(33) File: /home/nik/eie/dsd/folded/cordic_top.v Line: 33
Info (10041): Inferred latch for "out[5]" at cordic_top.v(33) File: /home/nik/eie/dsd/folded/cordic_top.v Line: 33
Info (10041): Inferred latch for "out[6]" at cordic_top.v(33) File: /home/nik/eie/dsd/folded/cordic_top.v Line: 33
Info (10041): Inferred latch for "out[7]" at cordic_top.v(33) File: /home/nik/eie/dsd/folded/cordic_top.v Line: 33
Info (10041): Inferred latch for "out[8]" at cordic_top.v(33) File: /home/nik/eie/dsd/folded/cordic_top.v Line: 33
Info (10041): Inferred latch for "out[9]" at cordic_top.v(33) File: /home/nik/eie/dsd/folded/cordic_top.v Line: 33
Info (10041): Inferred latch for "out[10]" at cordic_top.v(33) File: /home/nik/eie/dsd/folded/cordic_top.v Line: 33
Info (10041): Inferred latch for "out[11]" at cordic_top.v(33) File: /home/nik/eie/dsd/folded/cordic_top.v Line: 33
Info (10041): Inferred latch for "out[12]" at cordic_top.v(33) File: /home/nik/eie/dsd/folded/cordic_top.v Line: 33
Info (10041): Inferred latch for "out[13]" at cordic_top.v(33) File: /home/nik/eie/dsd/folded/cordic_top.v Line: 33
Info (10041): Inferred latch for "out[14]" at cordic_top.v(33) File: /home/nik/eie/dsd/folded/cordic_top.v Line: 33
Info (10041): Inferred latch for "out[15]" at cordic_top.v(33) File: /home/nik/eie/dsd/folded/cordic_top.v Line: 33
Info (10041): Inferred latch for "out[16]" at cordic_top.v(33) File: /home/nik/eie/dsd/folded/cordic_top.v Line: 33
Info (10041): Inferred latch for "out[17]" at cordic_top.v(33) File: /home/nik/eie/dsd/folded/cordic_top.v Line: 33
Info (10041): Inferred latch for "out[18]" at cordic_top.v(33) File: /home/nik/eie/dsd/folded/cordic_top.v Line: 33
Info (10041): Inferred latch for "out[19]" at cordic_top.v(33) File: /home/nik/eie/dsd/folded/cordic_top.v Line: 33
Info (10041): Inferred latch for "out[20]" at cordic_top.v(33) File: /home/nik/eie/dsd/folded/cordic_top.v Line: 33
Warning (12125): Using design file cordic.v, which is not specified as a design file for the current project, but contains definitions for 1 design units and 1 entities in project
    Info (12023): Found entity 1: cordic File: /home/nik/eie/dsd/folded/cordic.v Line: 1
Info (12128): Elaborating entity "cordic" for hierarchy "cordic_top:cordic_block|cordic:cordic" File: /home/nik/eie/dsd/folded/cordic_top.v Line: 110
Warning (10230): Verilog HDL assignment warning at cordic.v(61): truncated value with size 32 to match size of target (21) File: /home/nik/eie/dsd/folded/cordic.v Line: 61
Warning (10230): Verilog HDL assignment warning at cordic.v(62): truncated value with size 32 to match size of target (21) File: /home/nik/eie/dsd/folded/cordic.v Line: 62
Warning (10230): Verilog HDL assignment warning at cordic.v(63): truncated value with size 32 to match size of target (21) File: /home/nik/eie/dsd/folded/cordic.v Line: 63
Warning (12125): Using design file add_sub.v, which is not specified as a design file for the current project, but contains definitions for 1 design units and 1 entities in project
    Info (12023): Found entity 1: add_sub File: /home/nik/eie/dsd/folded/add_sub.v Line: 1
Info (12128): Elaborating entity "add_sub" for hierarchy "cordic_top:cordic_block|cordic:cordic|add_sub:x_arithmetic" File: /home/nik/eie/dsd/folded/cordic.v Line: 40
Warning (12125): Using design file fixed_to_fp.v, which is not specified as a design file for the current project, but contains definitions for 1 design units and 1 entities in project
    Info (12023): Found entity 1: fixed_to_fp File: /home/nik/eie/dsd/folded/fixed_to_fp.v Line: 1
Info (12128): Elaborating entity "fixed_to_fp" for hierarchy "fixed_to_fp:fixed_to_floating" File: /home/nik/eie/dsd/folded/top.v Line: 30
Info: Quartus Prime Analysis & Elaboration was successful. 0 errors, 16 warnings
    Info: Peak virtual memory: 724 megabytes
    Info: Processing ended: Fri Mar 15 16:51:25 2024
    Info: Elapsed time: 00:00:14
    Info: Total CPU time (on all processors): 00:00:29


