Info: Starting: Create block symbol file (.bsf)
Info: qsys-generate /home/nik/eie/dsd/system_template_de1_soc/first_nios2_system.qsys --block-symbol-file --output-directory=/home/nik/eie/dsd/system_template_de1_soc/hdl --family="Cyclone V" --part=5CSEMA5F31C6
Progress: Loading system_template_de1_soc/first_nios2_system.qsys
Progress: Reading input file
Progress: Adding clk_0 [clock_source 20.1]
Progress: Parameterizing module clk_0
Progress: Adding cpu [altera_nios2_gen2 20.1]
Progress: Parameterizing module cpu
Progress: Adding jtag_uart [altera_avalon_jtag_uart 20.1]
Progress: Parameterizing module jtag_uart
Progress: Adding led_pio [altera_avalon_pio 20.1]
Progress: Parameterizing module led_pio
Progress: Adding onchip_mem [altera_avalon_onchip_memory2 20.1]
Progress: Parameterizing module onchip_mem
Progress: Adding sdram [altera_avalon_new_sdram_controller 20.1]
Progress: Parameterizing module sdram
Progress: Adding sys_clk_timer [altera_avalon_timer 20.1]
Progress: Parameterizing module sys_clk_timer
Progress: Adding sysid [altera_avalon_sysid_qsys 20.1]
Progress: Parameterizing module sysid
Progress: Building connections
Progress: Parameterizing connections
Progress: Validating
Progress: Done reading input file
Info: first_nios2_system.jtag_uart: JTAG UART IP input clock need to be at least double (2x) the operating frequency of JTAG TCK on board
Info: first_nios2_system.sdram: SDRAM Controller will only be supported in Quartus Prime Standard Edition in the future release.
Info: first_nios2_system.sysid: System ID is not assigned automatically. Edit the System ID parameter to provide a unique ID
Info: first_nios2_system.sysid: Time stamp will be automatically updated when this component is generated.
Info: qsys-generate succeeded.
Info: Finished: Create block symbol file (.bsf)
Info: 
Info: Starting: Create HDL design files for synthesis
Info: qsys-generate /home/nik/eie/dsd/system_template_de1_soc/first_nios2_system.qsys --synthesis=VERILOG --output-directory=/home/nik/eie/dsd/system_template_de1_soc/hdl/synthesis --family="Cyclone V" --part=5CSEMA5F31C6
Progress: Loading system_template_de1_soc/first_nios2_system.qsys
Progress: Reading input file
Progress: Adding clk_0 [clock_source 20.1]
Progress: Parameterizing module clk_0
Progress: Adding cpu [altera_nios2_gen2 20.1]
Progress: Parameterizing module cpu
Progress: Adding jtag_uart [altera_avalon_jtag_uart 20.1]
Progress: Parameterizing module jtag_uart
Progress: Adding led_pio [altera_avalon_pio 20.1]
Progress: Parameterizing module led_pio
Progress: Adding onchip_mem [altera_avalon_onchip_memory2 20.1]
Progress: Parameterizing module onchip_mem
Progress: Adding sdram [altera_avalon_new_sdram_controller 20.1]
Progress: Parameterizing module sdram
Progress: Adding sys_clk_timer [altera_avalon_timer 20.1]
Progress: Parameterizing module sys_clk_timer
Progress: Adding sysid [altera_avalon_sysid_qsys 20.1]
Progress: Parameterizing module sysid
Progress: Building connections
Progress: Parameterizing connections
Progress: Validating
Progress: Done reading input file
Info: first_nios2_system.jtag_uart: JTAG UART IP input clock need to be at least double (2x) the operating frequency of JTAG TCK on board
Info: first_nios2_system.sdram: SDRAM Controller will only be supported in Quartus Prime Standard Edition in the future release.
Info: first_nios2_system.sysid: System ID is not assigned automatically. Edit the System ID parameter to provide a unique ID
Info: first_nios2_system.sysid: Time stamp will be automatically updated when this component is generated.
Info: first_nios2_system: Generating first_nios2_system "first_nios2_system" for QUARTUS_SYNTH
Info: cpu: "first_nios2_system" instantiated altera_nios2_gen2 "cpu"
Info: jtag_uart: Starting RTL generation for module 'first_nios2_system_jtag_uart'
Info: jtag_uart:   Generation command is [exec /home/nik/intelFPGA/quartus/linux64/perl/bin/perl -I /home/nik/intelFPGA/quartus/linux64/perl/lib -I /home/nik/intelFPGA/quartus/sopc_builder/bin/europa -I /home/nik/intelFPGA/quartus/sopc_builder/bin -I /home/nik/intelFPGA/quartus/../ip/altera/sopc_builder_ip/common -I /home/nik/intelFPGA/quartus/../ip/altera/sopc_builder_ip/altera_avalon_jtag_uart -- /home/nik/intelFPGA/quartus/../ip/altera/sopc_builder_ip/altera_avalon_jtag_uart/generate_rtl.pl --name=first_nios2_system_jtag_uart --dir=/tmp/alt9756_2774200462372135838.dir/0002_jtag_uart_gen/ --quartus_dir=/home/nik/intelFPGA/quartus --verilog --config=/tmp/alt9756_2774200462372135838.dir/0002_jtag_uart_gen//first_nios2_system_jtag_uart_component_configuration.pl  --do_build_sim=0  ]
Info: jtag_uart: Done RTL generation for module 'first_nios2_system_jtag_uart'
Info: jtag_uart: "first_nios2_system" instantiated altera_avalon_jtag_uart "jtag_uart"
Info: led_pio: Starting RTL generation for module 'first_nios2_system_led_pio'
Info: led_pio:   Generation command is [exec /home/nik/intelFPGA/quartus/linux64/perl/bin/perl -I /home/nik/intelFPGA/quartus/linux64/perl/lib -I /home/nik/intelFPGA/quartus/sopc_builder/bin/europa -I /home/nik/intelFPGA/quartus/sopc_builder/bin -I /home/nik/intelFPGA/quartus/../ip/altera/sopc_builder_ip/common -I /home/nik/intelFPGA/quartus/../ip/altera/sopc_builder_ip/altera_avalon_pio -- /home/nik/intelFPGA/quartus/../ip/altera/sopc_builder_ip/altera_avalon_pio/generate_rtl.pl --name=first_nios2_system_led_pio --dir=/tmp/alt9756_2774200462372135838.dir/0003_led_pio_gen/ --quartus_dir=/home/nik/intelFPGA/quartus --verilog --config=/tmp/alt9756_2774200462372135838.dir/0003_led_pio_gen//first_nios2_system_led_pio_component_configuration.pl  --do_build_sim=0  ]
Info: led_pio: Done RTL generation for module 'first_nios2_system_led_pio'
Info: led_pio: "first_nios2_system" instantiated altera_avalon_pio "led_pio"
Info: sdram: Starting RTL generation for module 'first_nios2_system_sdram'
Info: sdram:   Generation command is [exec /home/nik/intelFPGA/quartus/linux64/perl/bin/perl -I /home/nik/intelFPGA/quartus/linux64/perl/lib -I /home/nik/intelFPGA/quartus/sopc_builder/bin/europa -I /home/nik/intelFPGA/quartus/sopc_builder/bin -I /home/nik/intelFPGA/quartus/../ip/altera/sopc_builder_ip/common -I /home/nik/intelFPGA/quartus/../ip/altera/sopc_builder_ip/altera_avalon_new_sdram_controller -- /home/nik/intelFPGA/quartus/../ip/altera/sopc_builder_ip/altera_avalon_new_sdram_controller/generate_rtl.pl --name=first_nios2_system_sdram --dir=/tmp/alt9756_2774200462372135838.dir/0004_sdram_gen/ --quartus_dir=/home/nik/intelFPGA/quartus --verilog --config=/tmp/alt9756_2774200462372135838.dir/0004_sdram_gen//first_nios2_system_sdram_component_configuration.pl  --do_build_sim=0  ]
Info: sdram: Done RTL generation for module 'first_nios2_system_sdram'
Info: sdram: "first_nios2_system" instantiated altera_avalon_new_sdram_controller "sdram"
Info: sys_clk_timer: Starting RTL generation for module 'first_nios2_system_sys_clk_timer'
Info: sys_clk_timer:   Generation command is [exec /home/nik/intelFPGA/quartus/linux64//perl/bin/perl -I /home/nik/intelFPGA/quartus/linux64//perl/lib -I /home/nik/intelFPGA/quartus/sopc_builder/bin/europa -I /home/nik/intelFPGA/quartus/sopc_builder/bin -I /home/nik/intelFPGA/quartus/../ip/altera/sopc_builder_ip/common -I /home/nik/intelFPGA/quartus/../ip/altera/sopc_builder_ip/altera_avalon_timer -- /home/nik/intelFPGA/quartus/../ip/altera/sopc_builder_ip/altera_avalon_timer/generate_rtl.pl --name=first_nios2_system_sys_clk_timer --dir=/tmp/alt9756_2774200462372135838.dir/0005_sys_clk_timer_gen/ --quartus_dir=/home/nik/intelFPGA/quartus --verilog --config=/tmp/alt9756_2774200462372135838.dir/0005_sys_clk_timer_gen//first_nios2_system_sys_clk_timer_component_configuration.pl  --do_build_sim=0  ]
Info: sys_clk_timer: Done RTL generation for module 'first_nios2_system_sys_clk_timer'
Info: sys_clk_timer: "first_nios2_system" instantiated altera_avalon_timer "sys_clk_timer"
Info: sysid: "first_nios2_system" instantiated altera_avalon_sysid_qsys "sysid"
Info: avalon_st_adapter: Inserting error_adapter: error_adapter_0
Info: avalon_st_adapter_001: Inserting error_adapter: error_adapter_0
Info: avalon_st_adapter_002: Inserting error_adapter: error_adapter_0
Info: avalon_st_adapter_003: Inserting error_adapter: error_adapter_0
Info: avalon_st_adapter_004: Inserting error_adapter: error_adapter_0
Info: avalon_st_adapter_005: Inserting error_adapter: error_adapter_0
Info: mm_interconnect_0: "first_nios2_system" instantiated altera_mm_interconnect "mm_interconnect_0"
Info: irq_mapper: "first_nios2_system" instantiated altera_irq_mapper "irq_mapper"
Info: rst_controller: "first_nios2_system" instantiated altera_reset_controller "rst_controller"
Info: cpu: Starting RTL generation for module 'first_nios2_system_cpu_cpu'
Info: cpu:   Generation command is [exec /home/nik/intelFPGA/quartus/linux64//perl/bin/perl -I /home/nik/intelFPGA/quartus/linux64//perl/lib -I /home/nik/intelFPGA/quartus/sopc_builder/bin/europa -I /home/nik/intelFPGA/quartus/sopc_builder/bin -I /home/nik/intelFPGA/quartus/../ip/altera/nios2_ip/altera_nios2_gen2/cpu_lib -I /home/nik/intelFPGA/quartus/../ip/altera/nios2_ip/altera_nios2_gen2/nios_lib -I /home/nik/intelFPGA/quartus/../ip/altera/nios2_ip/altera_nios2_gen2 -I /home/nik/intelFPGA/quartus/../ip/altera/nios2_ip/altera_nios2_gen2 -- /home/nik/intelFPGA/quartus/../ip/altera/nios2_ip/altera_nios2_gen2/generate_rtl.pl --name=first_nios2_system_cpu_cpu --dir=/tmp/alt9756_2774200462372135838.dir/0009_cpu_gen/ --quartus_bindir=/home/nik/intelFPGA/quartus/linux64/ --verilog --config=/tmp/alt9756_2774200462372135838.dir/0009_cpu_gen//first_nios2_system_cpu_cpu_processor_configuration.pl  --do_build_sim=0  ]
Info: cpu: # 2024.02.03 18:35:28 (*) Starting Nios II generation
Info: cpu: # 2024.02.03 18:35:28 (*)   Elaborating CPU configuration settings
Info: cpu: # 2024.02.03 18:35:28 (*)   Creating all objects for CPU
Info: cpu: # 2024.02.03 18:35:28 (*)     Testbench
Info: cpu: # 2024.02.03 18:35:28 (*)     Instruction decoding
Info: cpu: # 2024.02.03 18:35:28 (*)       Instruction fields
Info: cpu: # 2024.02.03 18:35:28 (*)       Instruction decodes
Info: cpu: # 2024.02.03 18:35:29 (*)       Signals for RTL simulation waveforms
Info: cpu: # 2024.02.03 18:35:29 (*)       Instruction controls
Info: cpu: # 2024.02.03 18:35:29 (*)     Pipeline frontend
Info: cpu: # 2024.02.03 18:35:29 (*)     Pipeline backend
Info: cpu: # 2024.02.03 18:35:31 (*)   Generating RTL from CPU objects
Info: cpu: # 2024.02.03 18:35:31 (*)   Creating plain-text RTL
Info: cpu: # 2024.02.03 18:35:32 (*) Done Nios II generation
Info: cpu: Done RTL generation for module 'first_nios2_system_cpu_cpu'
Info: cpu: "cpu" instantiated altera_nios2_gen2_unit "cpu"
Info: cpu_data_master_translator: "mm_interconnect_0" instantiated altera_merlin_master_translator "cpu_data_master_translator"
Info: jtag_uart_avalon_jtag_slave_translator: "mm_interconnect_0" instantiated altera_merlin_slave_translator "jtag_uart_avalon_jtag_slave_translator"
Info: cpu_data_master_agent: "mm_interconnect_0" instantiated altera_merlin_master_agent "cpu_data_master_agent"
Info: jtag_uart_avalon_jtag_slave_agent: "mm_interconnect_0" instantiated altera_merlin_slave_agent "jtag_uart_avalon_jtag_slave_agent"
Info: jtag_uart_avalon_jtag_slave_agent_rsp_fifo: "mm_interconnect_0" instantiated altera_avalon_sc_fifo "jtag_uart_avalon_jtag_slave_agent_rsp_fifo"
Info: router: "mm_interconnect_0" instantiated altera_merlin_router "router"
Info: router_001: "mm_interconnect_0" instantiated altera_merlin_router "router_001"
Info: router_002: "mm_interconnect_0" instantiated altera_merlin_router "router_002"
Info: router_004: "mm_interconnect_0" instantiated altera_merlin_router "router_004"
Info: router_007: "mm_interconnect_0" instantiated altera_merlin_router "router_007"
Info: cpu_data_master_limiter: "mm_interconnect_0" instantiated altera_merlin_traffic_limiter "cpu_data_master_limiter"
Info: Reusing file /home/nik/eie/dsd/system_template_de1_soc/hdl/synthesis/submodules/altera_avalon_sc_fifo.v
Info: sdram_s1_burst_adapter: "mm_interconnect_0" instantiated altera_merlin_burst_adapter "sdram_s1_burst_adapter"
Info: Reusing file /home/nik/eie/dsd/system_template_de1_soc/hdl/synthesis/submodules/altera_avalon_st_pipeline_base.v
Info: cmd_demux: "mm_interconnect_0" instantiated altera_merlin_demultiplexer "cmd_demux"
Info: cmd_demux_001: "mm_interconnect_0" instantiated altera_merlin_demultiplexer "cmd_demux_001"
Info: cmd_mux: "mm_interconnect_0" instantiated altera_merlin_multiplexer "cmd_mux"
Info: cmd_mux_002: "mm_interconnect_0" instantiated altera_merlin_multiplexer "cmd_mux_002"
Info: Reusing file /home/nik/eie/dsd/system_template_de1_soc/hdl/synthesis/submodules/altera_merlin_arbitrator.sv
Info: rsp_demux: "mm_interconnect_0" instantiated altera_merlin_demultiplexer "rsp_demux"
Info: rsp_demux_002: "mm_interconnect_0" instantiated altera_merlin_demultiplexer "rsp_demux_002"
Info: rsp_mux: "mm_interconnect_0" instantiated altera_merlin_multiplexer "rsp_mux"
Info: Reusing file /home/nik/eie/dsd/system_template_de1_soc/hdl/synthesis/submodules/altera_merlin_arbitrator.sv
Info: rsp_mux_001: "mm_interconnect_0" instantiated altera_merlin_multiplexer "rsp_mux_001"
Info: Reusing file /home/nik/eie/dsd/system_template_de1_soc/hdl/synthesis/submodules/altera_merlin_arbitrator.sv
Info: sdram_s1_rsp_width_adapter: "mm_interconnect_0" instantiated altera_merlin_width_adapter "sdram_s1_rsp_width_adapter"
Info: Reusing file /home/nik/eie/dsd/system_template_de1_soc/hdl/synthesis/submodules/altera_merlin_address_alignment.sv
Info: Reusing file /home/nik/eie/dsd/system_template_de1_soc/hdl/synthesis/submodules/altera_merlin_burst_uncompressor.sv
Info: avalon_st_adapter: "mm_interconnect_0" instantiated altera_avalon_st_adapter "avalon_st_adapter"
Info: avalon_st_adapter_005: "mm_interconnect_0" instantiated altera_avalon_st_adapter "avalon_st_adapter_005"
Info: error_adapter_0: "avalon_st_adapter" instantiated error_adapter "error_adapter_0"
Info: error_adapter_0: "avalon_st_adapter_005" instantiated error_adapter "error_adapter_0"
Info: first_nios2_system: Done "first_nios2_system" with 36 modules, 64 files
Info: qsys-generate succeeded.
Info: Finished: Create HDL design files for synthesis
